[17:35:55] [Render thread/INFO] [JMLogger] JourneyMap log initialized.
[17:35:55] [Render thread/INFO] [JourneymapClient] initialize ENTER
[17:35:55] [Render thread/INFO] [ClientAPI] [ClientAPI] built with JourneyMap API 1.8-SNAPSHOT
[17:35:55] [Render thread/INFO] [PluginHelper] Initializing plugins with Client API: journeymap.client.api.impl.ClientAPI
[17:35:55] [Render thread/WARN] [PropertiesBase] core (Initialized) Bad configField entry during updateFrom(): optionsManagerViewed=null
[17:35:55] [Render thread/WARN] [PropertiesBase] core (Initialized) Bad configField entry during updateFrom(): splashViewed=null
[17:35:55] [Render thread/INFO] [?] Version: JourneyMap 1.18.2-5.8.3, built with fabric 0.50.0+1.18.2
fabric: 0.13.3
Environment: os.name, os.arch, java.version, user.country, user.language=null, game language=en_us, locale=en_us
Features: 
	RadarPlayers : singleplayer = true , multiplayer = true
	RadarAnimals : singleplayer = true , multiplayer = true
	RadarMobs : singleplayer = true , multiplayer = true
	RadarVillagers : singleplayer = true , multiplayer = true
	MapTopo : singleplayer = true , multiplayer = true
	MapSurface : singleplayer = true , multiplayer = true
	MapCaves : singleplayer = true , multiplayer = true
	MapBiome : singleplayer = true , multiplayer = true
MiniMapProperties{state=Valid, file=journeymap.minimap.config, configVersion=5.8.3, zoomLevel=0, compassFontScale=1.0, terrainAlpha=100, showEntityNames=true, positionX=0.9, positionY=0.25, effectVertical=false, showPlayerHeading=true, sizePercent=30, playerDisplayScale=1.0, showDayNight=true, showPets=true, preferredMapType=day, showCompass=true, mobDisplay=jm.common.entity_display.dots, systemTimeRealFormat=HH:mm:ss, shape=jm.minimap.shape_circle, showSelf=true, selfDisplayScale=1.0, showGrid=true, reticleOrientation=jm.minimap.orientation.compass, gameTimeRealFormat=HH:mm:ss, effectTranslateX=-76, showWaypoints=true, minimapKeyMovementSpeed=0.001, showAnimals=true, infoSlotAlpha=0.7, effectTranslateY=0, showWaypointLabels=true, moveEffectIcons=true, position=jm.minimap.position_topright, fontScale=1.0, showPlayers=true, waypointIconScale=1.0, frameAlpha=100, effectReversed=false, backgroundAlpha=0.8, enabled=true, showVillagers=true, info2Label=jm.theme.labelsource.gametime, info3Label=jm.theme.labelsource.location, showMobs=true, waypointLabelScale=1.0, showReticle=true, orientation=jm.minimap.orientation.north, info4Label=jm.theme.labelsource.biome, locationFormat=xzyv, playerDisplay=jm.common.entity_display.dots, mobDisplayScale=1.0, showCaves=true, showMobHeading=true, locationFormatVerbose=true, info1Label=jm.theme.labelsource.blank}
MiniMapProperties{state=Valid, file=journeymap.minimap2.config, configVersion=5.8.3, zoomLevel=0, compassFontScale=1.0, terrainAlpha=100, showEntityNames=true, positionX=0.9, positionY=0.25, effectVertical=false, showPlayerHeading=true, sizePercent=30, playerDisplayScale=1.0, showDayNight=true, showPets=true, preferredMapType=day, showCompass=true, mobDisplay=jm.common.entity_display.dots, systemTimeRealFormat=HH:mm:ss, shape=jm.minimap.shape_rectangle, showSelf=true, selfDisplayScale=1.0, showGrid=true, reticleOrientation=jm.minimap.orientation.compass, gameTimeRealFormat=HH:mm:ss, effectTranslateX=0, showWaypoints=true, minimapKeyMovementSpeed=0.001, showAnimals=true, infoSlotAlpha=0.7, effectTranslateY=0, showWaypointLabels=true, moveEffectIcons=true, position=jm.minimap.position_topright, fontScale=1.0, showPlayers=true, waypointIconScale=1.0, frameAlpha=100, effectReversed=false, backgroundAlpha=0.8, enabled=true, showVillagers=true, info2Label=jm.theme.labelsource.gametime, info3Label=jm.theme.labelsource.location, showMobs=true, waypointLabelScale=1.0, showReticle=true, orientation=jm.minimap.orientation.north, info4Label=jm.theme.labelsource.biome, locationFormat=xzyv, playerDisplay=jm.common.entity_display.dots, mobDisplayScale=1.0, showCaves=true, showMobHeading=true, locationFormatVerbose=true, info1Label=jm.theme.labelsource.blank}
FullMapProperties{state=Valid, file=journeymap.fullmap.config, configVersion=5.8.3, zoomLevel=0, showPlayers=true, waypointIconScale=1.0, showEntityNames=true, showPlayerHeading=true, showVillagers=true, showPlayerLoc=true, showKeys=true, playerDisplayScale=1.0, showMobs=true, showPets=true, waypointLabelScale=1.0, preferredMapType=day, mobDisplay=jm.common.entity_display.dots, showSelf=true, locationFormat=xzyv, playerDisplay=jm.common.entity_display.dots, mobDisplayScale=1.0, selfDisplayScale=1.0, showGrid=true, showMouseLoc=true, showWaypoints=true, showCaves=true, showAnimals=true, dragScale=1, showMobHeading=true, showWaypointLabels=true, locationFormatVerbose=true, fontScale=1.0}
WaypointProperties{state=Valid, file=journeymap.waypoint.config, configVersion=5.8.3, autoRemoveDeathpointDistance=2, dateFormat=MM-dd-yyyy, autoRemoveDeathpoints=false, fullscreenDoubleClickToCreate=true, managerDimensionFocus=false, minDistance=4, boldLabel=false, textureSmall=true, showDeathpointlabel=true, beaconEnabled=true, createDeathpoints=true, showName=true, disableStrikeThrough=false, maxDistance=0, autoHideLabel=true, autoRemoveTempWaypoints=2, teleportCommand=/tp {name} {x} {y} {z}, showStaticBeam=true, shaderBeacon=false, timeFormat=HH:mm:ss, showDeviationLabel=false, showDistance=true, showRotatingBeam=true, fontScale=2.0, showTexture=true, managerEnabled=true}
WebMapProperties{state=Valid, file=journeymap.webmap.config, configVersion=5.8.3, port=8080, enabled=false}
CoreProperties{state=Valid, file=journeymap.core.config, configVersion=5.8.3, verboseColorPalette=false, maxPlayersData=32, mapSurfaceAboveCaves=true, dataCachingEnabled=true, optionsManagerViewed=null, announceMod=true, colorPassive=#bbbbbb, mapBlendWater=false, renderDistanceSurfaceMax=0, seedId=false, radarVerticalDistance=16, mapBlendGrass=true, recordCacheStats=false, hideSneakingEntities=true, revealShape=jm.minimap.shape_circle, mapBiome=true, alwaysMapSurface=false, colorVillager=#88e188, mapPlants=false, colorPet=#0077ff, radarLateralDistance=64, mapBathymetry=false, mapCrops=true, maxMobsData=32, mapPlantShadows=false, alwaysMapCaves=false, checkUpdates=true, browserPoll=2000, mapBlendFoliage=true, hideSpectators=false, mappingEnabled=true, colorPlayer=#ffffff, tileHighDisplayQuality=true, cacheVillagersData=2200, logLevel=INFO, maxVillagersData=32, mapWaterBiomeColors=false, maxAnimalsData=32, mapTransparency=true, tileRenderType=1, caveIgnoreGlass=true, mapTopography=true, renderDistanceCaveMax=0, mapAntialiasing=true, colorSelf=#0000ff, cachePlayersData=2000, cacheMobsData=3000, cachePlayerData=1000, splashViewed=null, colorHostile=#ff0000, cacheAnimalsData=3100, themeName=OceanMonument, mapCaveLighting=true, renderDelay=2, glErrorChecking=false, autoMapPoll=2000}
[17:35:56] [Render thread/INFO] [JourneymapClient] initialize EXIT, elapsed count 1 avg 860.99ms
[17:35:56] [Render thread/INFO] [ThemeLoader] Preloaded theme textures: 0
[17:35:56] [Render thread/INFO] [JourneymapClient] postInitialize EXIT, elapsed count 1 avg 34.5ms
[17:36:15] [Render thread/INFO] [ColorManager] Loaded color palette for 829 blockstates in 239ms
[17:36:16] [Render thread/INFO] [ColorManager] Loaded color palette for 829 blockstates in 46ms
[17:36:16] [Render thread/INFO] [ColorManager] Loaded color palette for 829 blockstates in 137ms
[17:36:16] [Render thread/INFO] [ColorManager] Loaded color palette for 829 blockstates in 41ms
[17:36:16] [Render thread/INFO] [ColorManager] Loaded color palette for 829 blockstates in 39ms
[17:36:16] [Render thread/INFO] [ColorManager] Loaded color palette for 829 blockstates in 34ms
[17:36:16] [Render thread/INFO] [ColorManager] Loaded color palette for 829 blockstates in 32ms
[17:36:16] [Render thread/INFO] [ColorManager] Loaded color palette for 829 blockstates in 33ms
[17:36:16] [Render thread/INFO] [ColorManager] Loaded color palette for 829 blockstates in 30ms
[17:36:16] [Render thread/INFO] [ColorManager] Loaded color palette for 829 blockstates in 31ms
[17:37:42] [Render thread/INFO] [JourneymapClient] World UID is set to: 866046a3-2b7b-448b-a324-1aee3a5cdb53
[17:37:44] [Render thread/WARN] [PropertiesBase] core (Initialized) Bad configField entry during updateFrom(): optionsManagerViewed=null
[17:37:44] [Render thread/WARN] [PropertiesBase] core (Initialized) Bad configField entry during updateFrom(): splashViewed=null
[17:37:44] [Render thread/INFO] [WaypointStore] Loaded 0 waypoints from C:\Users\grant\Desktop\Games\MultiMC\instances\1.18.2\.minecraft\journeymap\data\mp\Pogcraft~11_866046a3~2b7b~448b~a324~1aee3a5cdb53\waypoints
[17:37:44] [Render thread/INFO] [JourneymapClient] Mapping started in C:\Users\grant\Desktop\Games\MultiMC\instances\1.18.2\.minecraft\journeymap\data\mp\Pogcraft~11_866046a3~2b7b~448b~a324~1aee3a5cdb53\overworld. Memory: 2440MB total, 1070MB free 
[17:37:45] [Render thread/INFO] [ChatLog] 
[17:38:24] [Render thread/INFO] [JourneymapClient] Mapping halted in C:\Users\grant\Desktop\Games\MultiMC\instances\1.18.2\.minecraft\journeymap\data\mp\Pogcraft~11_866046a3~2b7b~448b~a324~1aee3a5cdb53\minecraft:overworld
[17:38:25] [Render thread/INFO] [MappingMonitorTask] World ID has been reset.
[17:38:25] [Render thread/INFO] [JourneymapClient] World UID is set to: null
[17:42:20] [Render thread/INFO] [JourneymapClient] World UID is set to: c4b65a06-8b58-427b-81d2-8af3ecc0c2cb
[17:42:21] [Render thread/WARN] [PropertiesBase] core (Initialized) Bad configField entry during updateFrom(): optionsManagerViewed=null
[17:42:21] [Render thread/WARN] [PropertiesBase] core (Initialized) Bad configField entry during updateFrom(): splashViewed=null
[17:42:21] [Render thread/INFO] [WaypointStore] Loaded 0 waypoints from C:\Users\grant\Desktop\Games\MultiMC\instances\1.18.2\.minecraft\journeymap\data\mp\Pogcraft~11_c4b65a06~8b58~427b~81d2~8af3ecc0c2cb\waypoints
[17:42:21] [Render thread/INFO] [JourneymapClient] Mapping started in C:\Users\grant\Desktop\Games\MultiMC\instances\1.18.2\.minecraft\journeymap\data\mp\Pogcraft~11_c4b65a06~8b58~427b~81d2~8af3ecc0c2cb\overworld. Memory: 2440MB total, 886MB free 
[17:43:06] [Render thread/INFO] [JourneymapClient] Mapping halted in C:\Users\grant\Desktop\Games\MultiMC\instances\1.18.2\.minecraft\journeymap\data\mp\Pogcraft~11_c4b65a06~8b58~427b~81d2~8af3ecc0c2cb\minecraft:overworld
[17:43:32] [Render thread/INFO] [MappingMonitorTask] World ID has been reset.
[17:43:32] [Render thread/INFO] [JourneymapClient] World UID is set to: null
[17:45:54] [Render thread/INFO] [JourneymapClient] World UID is set to: c4b65a06-8b58-427b-81d2-8af3ecc0c2cb
[17:45:55] [Render thread/WARN] [PropertiesBase] core (Initialized) Bad configField entry during updateFrom(): optionsManagerViewed=null
[17:45:55] [Render thread/WARN] [PropertiesBase] core (Initialized) Bad configField entry during updateFrom(): splashViewed=null
[17:45:55] [Render thread/INFO] [WaypointStore] Loaded 0 waypoints from C:\Users\grant\Desktop\Games\MultiMC\instances\1.18.2\.minecraft\journeymap\data\mp\Pogcraft~11_c4b65a06~8b58~427b~81d2~8af3ecc0c2cb\waypoints
[17:45:55] [Render thread/INFO] [JourneymapClient] Mapping started in C:\Users\grant\Desktop\Games\MultiMC\instances\1.18.2\.minecraft\journeymap\data\mp\Pogcraft~11_c4b65a06~8b58~427b~81d2~8af3ecc0c2cb\overworld. Memory: 2440MB total, 465MB free 
[17:51:05] [Render thread/INFO] [JourneymapClient] Mapping halted in C:\Users\grant\Desktop\Games\MultiMC\instances\1.18.2\.minecraft\journeymap\data\mp\Pogcraft~11_c4b65a06~8b58~427b~81d2~8af3ecc0c2cb\minecraft:overworld
[17:51:06] [Render thread/INFO] [MappingMonitorTask] World ID has been reset.
[17:51:06] [Render thread/INFO] [JourneymapClient] World UID is set to: null
